Message[302] C:\USERS\OMAR ABDELDAYEM\DESKTOP\NSCI\YEAR2\SEM2\AER201\MCU\AER201-MCU\MAIN.X\MAIN.ASM 129 : Register in operand not in bank 0.  Ensure that bank bits are correct.
Message[302] C:\USERS\OMAR ABDELDAYEM\DESKTOP\NSCI\YEAR2\SEM2\AER201\MCU\AER201-MCU\MAIN.X\MAIN.ASM 132 : Register in operand not in bank 0.  Ensure that bank bits are correct.
Message[302] C:\USERS\OMAR ABDELDAYEM\DESKTOP\NSCI\YEAR2\SEM2\AER201\MCU\AER201-MCU\MAIN.X\MAIN.ASM 134 : Register in operand not in bank 0.  Ensure that bank bits are correct.
Message[302] C:\USERS\OMAR ABDELDAYEM\DESKTOP\NSCI\YEAR2\SEM2\AER201\MCU\AER201-MCU\MAIN.X\MAIN.ASM 136 : Register in operand not in bank 0.  Ensure that bank bits are correct.
Message[302] C:\USERS\OMAR ABDELDAYEM\DESKTOP\NSCI\YEAR2\SEM2\AER201\MCU\AER201-MCU\MAIN.X\MAIN.ASM 138 : Register in operand not in bank 0.  Ensure that bank bits are correct.
Message[302] C:\USERS\OMAR ABDELDAYEM\DESKTOP\NSCI\YEAR2\SEM2\AER201\MCU\AER201-MCU\MAIN.X\MAIN.ASM 140 : Register in operand not in bank 0.  Ensure that bank bits are correct.
Message[302] C:\USERS\OMAR ABDELDAYEM\DESKTOP\NSCI\YEAR2\SEM2\AER201\MCU\AER201-MCU\MAIN.X\MAIN.ASM 143 : Register in operand not in bank 0.  Ensure that bank bits are correct.
Message[305] C:\USERS\OMAR ABDELDAYEM\DESKTOP\NSCI\YEAR2\SEM2\AER201\MCU\AER201-MCU\MAIN.X\MAIN.ASM 305 : Using default destination of 1 (file).
Warning[219] C:\USERS\OMAR ABDELDAYEM\DESKTOP\NSCI\YEAR2\SEM2\AER201\MCU\AER201-MCU\MAIN.X\MAIN.ASM 335 : Invalid RAM location specified.
Message[302] C:\USERS\OMAR ABDELDAYEM\DESKTOP\NSCI\YEAR2\SEM2\AER201\MCU\AER201-MCU\MAIN.X\MAIN.ASM 335 : Register in operand not in bank 0.  Ensure that bank bits are correct.
Message[305] C:\USERS\OMAR ABDELDAYEM\DESKTOP\NSCI\YEAR2\SEM2\AER201\MCU\AER201-MCU\MAIN.X\MAIN.ASM 338 : Using default destination of 1 (file).
Message[305] C:\USERS\OMAR ABDELDAYEM\DESKTOP\NSCI\YEAR2\SEM2\AER201\MCU\AER201-MCU\MAIN.X\MAIN.ASM 339 : Using default destination of 1 (file).
Message[305] C:\USERS\OMAR ABDELDAYEM\DESKTOP\NSCI\YEAR2\SEM2\AER201\MCU\AER201-MCU\MAIN.X\MAIN.ASM 347 : Using default destination of 1 (file).
Message[305] C:\USERS\OMAR ABDELDAYEM\DESKTOP\NSCI\YEAR2\SEM2\AER201\MCU\AER201-MCU\MAIN.X\MAIN.ASM 351 : Using default destination of 1 (file).
Message[305] C:\USERS\OMAR ABDELDAYEM\DESKTOP\NSCI\YEAR2\SEM2\AER201\MCU\AER201-MCU\MAIN.X\RTC_MACROS.INC 16 : Using default destination of 1 (file).
Message[305] C:\USERS\OMAR ABDELDAYEM\DESKTOP\NSCI\YEAR2\SEM2\AER201\MCU\AER201-MCU\MAIN.X\RTC_MACROS.INC 19 : Using default destination of 1 (file).
Message[305] C:\USERS\OMAR ABDELDAYEM\DESKTOP\NSCI\YEAR2\SEM2\AER201\MCU\AER201-MCU\MAIN.X\RTC_MACROS.INC 22 : Using default destination of 1 (file).
Message[305] C:\USERS\OMAR ABDELDAYEM\DESKTOP\NSCI\YEAR2\SEM2\AER201\MCU\AER201-MCU\MAIN.X\RTC_MACROS.INC 25 : Using default destination of 1 (file).
Message[305] C:\USERS\OMAR ABDELDAYEM\DESKTOP\NSCI\YEAR2\SEM2\AER201\MCU\AER201-MCU\MAIN.X\RTC_MACROS.INC 28 : Using default destination of 1 (file).
Message[305] C:\USERS\OMAR ABDELDAYEM\DESKTOP\NSCI\YEAR2\SEM2\AER201\MCU\AER201-MCU\MAIN.X\RTC_MACROS.INC 31 : Using default destination of 1 (file).
Warning[207] C:\USERS\OMAR ABDELDAYEM\DESKTOP\NSCI\YEAR2\SEM2\AER201\MCU\AER201-MCU\MAIN.X\MAIN.ASM 785 : Found label after column 1. (FINISH)
