Message[302] C:\USERS\OMAR ABDELDAYEM\DESKTOP\NSCI\YEAR2\SEM2\AER201\MCU\AER201-MCU\MAIN.X\MAIN.ASM 130 : Register in operand not in bank 0.  Ensure that bank bits are correct.
Message[302] C:\USERS\OMAR ABDELDAYEM\DESKTOP\NSCI\YEAR2\SEM2\AER201\MCU\AER201-MCU\MAIN.X\MAIN.ASM 133 : Register in operand not in bank 0.  Ensure that bank bits are correct.
Message[302] C:\USERS\OMAR ABDELDAYEM\DESKTOP\NSCI\YEAR2\SEM2\AER201\MCU\AER201-MCU\MAIN.X\MAIN.ASM 135 : Register in operand not in bank 0.  Ensure that bank bits are correct.
Message[302] C:\USERS\OMAR ABDELDAYEM\DESKTOP\NSCI\YEAR2\SEM2\AER201\MCU\AER201-MCU\MAIN.X\MAIN.ASM 137 : Register in operand not in bank 0.  Ensure that bank bits are correct.
Message[302] C:\USERS\OMAR ABDELDAYEM\DESKTOP\NSCI\YEAR2\SEM2\AER201\MCU\AER201-MCU\MAIN.X\MAIN.ASM 138 : Register in operand not in bank 0.  Ensure that bank bits are correct.
Message[302] C:\USERS\OMAR ABDELDAYEM\DESKTOP\NSCI\YEAR2\SEM2\AER201\MCU\AER201-MCU\MAIN.X\MAIN.ASM 140 : Register in operand not in bank 0.  Ensure that bank bits are correct.
Message[302] C:\USERS\OMAR ABDELDAYEM\DESKTOP\NSCI\YEAR2\SEM2\AER201\MCU\AER201-MCU\MAIN.X\MAIN.ASM 143 : Register in operand not in bank 0.  Ensure that bank bits are correct.
Message[305] C:\USERS\OMAR ABDELDAYEM\DESKTOP\NSCI\YEAR2\SEM2\AER201\MCU\AER201-MCU\MAIN.X\RTC_MACROS.INC 16 : Using default destination of 1 (file).
Message[305] C:\USERS\OMAR ABDELDAYEM\DESKTOP\NSCI\YEAR2\SEM2\AER201\MCU\AER201-MCU\MAIN.X\RTC_MACROS.INC 19 : Using default destination of 1 (file).
Message[305] C:\USERS\OMAR ABDELDAYEM\DESKTOP\NSCI\YEAR2\SEM2\AER201\MCU\AER201-MCU\MAIN.X\RTC_MACROS.INC 22 : Using default destination of 1 (file).
Message[305] C:\USERS\OMAR ABDELDAYEM\DESKTOP\NSCI\YEAR2\SEM2\AER201\MCU\AER201-MCU\MAIN.X\RTC_MACROS.INC 25 : Using default destination of 1 (file).
Message[305] C:\USERS\OMAR ABDELDAYEM\DESKTOP\NSCI\YEAR2\SEM2\AER201\MCU\AER201-MCU\MAIN.X\RTC_MACROS.INC 28 : Using default destination of 1 (file).
Message[305] C:\USERS\OMAR ABDELDAYEM\DESKTOP\NSCI\YEAR2\SEM2\AER201\MCU\AER201-MCU\MAIN.X\RTC_MACROS.INC 31 : Using default destination of 1 (file).
Message[305] C:\USERS\OMAR ABDELDAYEM\DESKTOP\NSCI\YEAR2\SEM2\AER201\MCU\AER201-MCU\MAIN.X\MAIN.ASM 266 : Using default destination of 1 (file).
Message[302] C:\USERS\OMAR ABDELDAYEM\DESKTOP\NSCI\YEAR2\SEM2\AER201\MCU\AER201-MCU\MAIN.X\MAIN.ASM 294 : Register in operand not in bank 0.  Ensure that bank bits are correct.
Message[305] C:\USERS\OMAR ABDELDAYEM\DESKTOP\NSCI\YEAR2\SEM2\AER201\MCU\AER201-MCU\MAIN.X\MAIN.ASM 297 : Using default destination of 1 (file).
Message[305] C:\USERS\OMAR ABDELDAYEM\DESKTOP\NSCI\YEAR2\SEM2\AER201\MCU\AER201-MCU\MAIN.X\MAIN.ASM 298 : Using default destination of 1 (file).
Message[305] C:\USERS\OMAR ABDELDAYEM\DESKTOP\NSCI\YEAR2\SEM2\AER201\MCU\AER201-MCU\MAIN.X\MAIN.ASM 306 : Using default destination of 1 (file).
Message[305] C:\USERS\OMAR ABDELDAYEM\DESKTOP\NSCI\YEAR2\SEM2\AER201\MCU\AER201-MCU\MAIN.X\RTC_MACROS.INC 16 : Using default destination of 1 (file).
Message[305] C:\USERS\OMAR ABDELDAYEM\DESKTOP\NSCI\YEAR2\SEM2\AER201\MCU\AER201-MCU\MAIN.X\RTC_MACROS.INC 19 : Using default destination of 1 (file).
Message[305] C:\USERS\OMAR ABDELDAYEM\DESKTOP\NSCI\YEAR2\SEM2\AER201\MCU\AER201-MCU\MAIN.X\RTC_MACROS.INC 22 : Using default destination of 1 (file).
Message[305] C:\USERS\OMAR ABDELDAYEM\DESKTOP\NSCI\YEAR2\SEM2\AER201\MCU\AER201-MCU\MAIN.X\RTC_MACROS.INC 25 : Using default destination of 1 (file).
Message[305] C:\USERS\OMAR ABDELDAYEM\DESKTOP\NSCI\YEAR2\SEM2\AER201\MCU\AER201-MCU\MAIN.X\RTC_MACROS.INC 28 : Using default destination of 1 (file).
Message[305] C:\USERS\OMAR ABDELDAYEM\DESKTOP\NSCI\YEAR2\SEM2\AER201\MCU\AER201-MCU\MAIN.X\RTC_MACROS.INC 31 : Using default destination of 1 (file).
Warning[207] C:\USERS\OMAR ABDELDAYEM\DESKTOP\NSCI\YEAR2\SEM2\AER201\MCU\AER201-MCU\MAIN.X\MAIN.ASM 689 : Found label after column 1. (LCD_DLY)
Warning[207] C:\USERS\OMAR ABDELDAYEM\DESKTOP\NSCI\YEAR2\SEM2\AER201\MCU\AER201-MCU\MAIN.X\MAIN.ASM 744 : Found label after column 1. (FINISH)
